c:\users\mnxoid\documents\github\oop\oop\debug\task3.bsc
c:\users\mnxoid\documents\github\oop\oop\task3\debug\vc120.pdb
c:\users\mnxoid\documents\github\oop\oop\task3\debug\vc120.idb
c:\users\mnxoid\documents\github\oop\oop\task3\debug\util.sbr
c:\users\mnxoid\documents\github\oop\oop\task3\debug\ticket.sbr
c:\users\mnxoid\documents\github\oop\oop\task3\debug\task3.sbr
c:\users\mnxoid\documents\github\oop\oop\task3\debug\singleticket.sbr
c:\users\mnxoid\documents\github\oop\oop\task3\debug\serializable.sbr
c:\users\mnxoid\documents\github\oop\oop\task3\debug\multiticket.sbr
c:\users\mnxoid\documents\github\oop\oop\task3\debug\countable.sbr
c:\users\mnxoid\documents\github\oop\oop\task3\debug\composter.sbr
c:\users\mnxoid\documents\github\oop\oop\task3\debug\afterlife.sbr
c:\users\mnxoid\documents\github\oop\oop\task3\debug\afterlife.obj
c:\users\mnxoid\documents\github\oop\oop\task3\debug\composter.obj
c:\users\mnxoid\documents\github\oop\oop\task3\debug\countable.obj
c:\users\mnxoid\documents\github\oop\oop\task3\debug\multiticket.obj
c:\users\mnxoid\documents\github\oop\oop\task3\debug\serializable.obj
c:\users\mnxoid\documents\github\oop\oop\task3\debug\singleticket.obj
c:\users\mnxoid\documents\github\oop\oop\task3\debug\task3.obj
c:\users\mnxoid\documents\github\oop\oop\task3\debug\ticket.obj
c:\users\mnxoid\documents\github\oop\oop\task3\debug\util.obj
c:\users\mnxoid\documents\github\oop\oop\debug\task3.ilk
c:\users\mnxoid\documents\github\oop\oop\debug\task3.exe
c:\users\mnxoid\documents\github\oop\oop\debug\task3.pdb
c:\users\mnxoid\documents\github\oop\oop\task3\debug\task3.tlog\bscmake.command.1.tlog
c:\users\mnxoid\documents\github\oop\oop\task3\debug\task3.tlog\bscmake.read.1.tlog
c:\users\mnxoid\documents\github\oop\oop\task3\debug\task3.tlog\bscmake.write.1.tlog
c:\users\mnxoid\documents\github\oop\oop\task3\debug\task3.tlog\cl.command.1.tlog
c:\users\mnxoid\documents\github\oop\oop\task3\debug\task3.tlog\cl.read.1.tlog
c:\users\mnxoid\documents\github\oop\oop\task3\debug\task3.tlog\cl.write.1.tlog
c:\users\mnxoid\documents\github\oop\oop\task3\debug\task3.tlog\link.command.1.tlog
c:\users\mnxoid\documents\github\oop\oop\task3\debug\task3.tlog\link.read.1.tlog
c:\users\mnxoid\documents\github\oop\oop\task3\debug\task3.tlog\link.write.1.tlog
