c:\users\mnxoid\documents\github\oop\oop\debug\task2.bsc
c:\users\mnxoid\documents\github\oop\oop\task2\debug\vc120.pdb
c:\users\mnxoid\documents\github\oop\oop\task2\debug\vc120.idb
c:\users\mnxoid\documents\github\oop\oop\task2\debug\util.sbr
c:\users\mnxoid\documents\github\oop\oop\task2\debug\task2.sbr
c:\users\mnxoid\documents\github\oop\oop\task2\debug\filelist.sbr
c:\users\mnxoid\documents\github\oop\oop\task2\debug\filelist.obj
c:\users\mnxoid\documents\github\oop\oop\task2\debug\task2.obj
c:\users\mnxoid\documents\github\oop\oop\task2\debug\util.obj
c:\users\mnxoid\documents\github\oop\oop\debug\task2.ilk
c:\users\mnxoid\documents\github\oop\oop\debug\task2.exe
c:\users\mnxoid\documents\github\oop\oop\debug\task2.pdb
c:\users\mnxoid\documents\github\oop\oop\task2\debug\task2.tlog\bscmake.command.1.tlog
c:\users\mnxoid\documents\github\oop\oop\task2\debug\task2.tlog\bscmake.read.1.tlog
c:\users\mnxoid\documents\github\oop\oop\task2\debug\task2.tlog\bscmake.write.1.tlog
c:\users\mnxoid\documents\github\oop\oop\task2\debug\task2.tlog\cl.command.1.tlog
c:\users\mnxoid\documents\github\oop\oop\task2\debug\task2.tlog\cl.read.1.tlog
c:\users\mnxoid\documents\github\oop\oop\task2\debug\task2.tlog\cl.write.1.tlog
c:\users\mnxoid\documents\github\oop\oop\task2\debug\task2.tlog\link.command.1.tlog
c:\users\mnxoid\documents\github\oop\oop\task2\debug\task2.tlog\link.read.1.tlog
c:\users\mnxoid\documents\github\oop\oop\task2\debug\task2.tlog\link.write.1.tlog
